[2m2025-06-04T03:34:44.054065Z[0m [32m INFO[0m [2mbevy_diagnostic::system_information_diagnostics_plugin::internal[0m[2m:[0m SystemInfo { os: "Linux (NixOS 25.11)", kernel: "6.14.7", cpu: "Intel(R) Xeon(R) W-10885M CPU @ 2.40GHz", core_count: "8", memory: "125.4 GiB" }    
[2m2025-06-04T03:34:44.056150Z[0m [33m WARN[0m [2mwinit::platform_impl::linux::x11::xdisplay[0m[2m:[0m error setting XSETTINGS; Xft options won't reload automatically
[2m2025-06-04T03:34:44.113388Z[0m [32m INFO[0m [2mbevy_render::renderer[0m[2m:[0m AdapterInfo { name: "Intel(R) UHD Graphics P630 (CML GT2)", vendor: 32902, device: 39926, device_type: IntegratedGpu, driver: "Intel open-source Mesa driver", driver_info: "Mesa 25.0.6", backend: Vulkan }
[2m2025-06-04T03:34:44.192894Z[0m [32m INFO[0m [2mia::contexts::event_store::plugin[0m[2m:[0m Event Store plugin initialized with Merkle DAG support
[2m2025-06-04T03:34:44.193058Z[0m [32m INFO[0m [2mia::contexts::selection::plugin[0m[2m:[0m Selection plugin initialized
[2m2025-06-04T03:34:44.212829Z[0m [32m INFO[0m [2mbevy_render::batching::gpu_preprocessing[0m[2m:[0m GPU preprocessing is fully supported on this device.
[2m2025-06-04T03:34:44.238879Z[0m [32m INFO[0m [2mbevy_winit::system[0m[2m:[0m Creating new window App (0v1)
[2m2025-06-04T03:34:44.238970Z[0m [32m INFO[0m [2mwinit::platform_impl::linux::x11::window[0m[2m:[0m Guessed window scale factor: 2.6666666666666665
[2m2025-06-04T03:34:44.239676Z[0m [32m INFO[0m [2mia::contexts::visualization::plugin[0m[2m:[0m Visualization settings entity created
[2m2025-06-04T03:34:44.239689Z[0m [32m INFO[0m [2mia[0m[2m:[0m Loading default graph from: assets/models/default_graph.json
[2m2025-06-04T03:34:44.239840Z[0m [32m INFO[0m [2mia::contexts::graph_management::importer[0m[2m:[0m Spawned node entity 10v1#4294967306 with ID NodeIdentity(998847e5-23a6-4cda-a335-c04957a3bb77) at position Vec3(-5.0, 0.0, -0.0)
[2m2025-06-04T03:34:44.239850Z[0m [32m INFO[0m [2mia::contexts::graph_management::importer[0m[2m:[0m Spawned node entity 11v1#4294967307 with ID NodeIdentity(8adaac8c-3e88-4915-9998-6c702527a61c) at position Vec3(5.0, 0.0, -0.0)
[2m2025-06-04T03:34:44.239853Z[0m [32m INFO[0m [2mia::contexts::graph_management::importer[0m[2m:[0m Spawned node entity 12v1#4294967308 with ID NodeIdentity(7915bd13-0bd5-49e3-a4fe-f44a0204382d) at position Vec3(0.0, 0.0, 5.0)
[2m2025-06-04T03:34:44.239858Z[0m [32m INFO[0m [2mia::contexts::graph_management::importer[0m[2m:[0m Spawned node entity 13v1#4294967309 with ID NodeIdentity(7498a461-c98b-47a7-aeb4-5eacce027885) at position Vec3(0.0, 0.0, -5.0)
[2m2025-06-04T03:34:44.239861Z[0m [32m INFO[0m [2mia::contexts::graph_management::importer[0m[2m:[0m Spawned node entity 14v1#4294967310 with ID NodeIdentity(f7b6a227-8a5e-41a3-8e3f-ccdf21935378) at position Vec3(-3.5, 0.0, 3.5)
[2m2025-06-04T03:34:44.239863Z[0m [32m INFO[0m [2mia::contexts::graph_management::importer[0m[2m:[0m Spawned node entity 15v1#4294967311 with ID NodeIdentity(7fc39552-f706-424a-9944-680cb14434d0) at position Vec3(3.5, 0.0, -3.5)
[2m2025-06-04T03:34:44.239889Z[0m [32m INFO[0m [2mia::contexts::graph_management::importer[0m[2m:[0m Spawned edge entity 16v1#4294967312 with ID EdgeIdentity(c156b6e1-28fc-48a4-9d4c-db6380aa36c4)
[2m2025-06-04T03:34:44.239891Z[0m [32m INFO[0m [2mia::contexts::graph_management::importer[0m[2m:[0m Spawned edge entity 17v1#4294967313 with ID EdgeIdentity(826f664a-5376-47d3-9b90-65efa646973a)
[2m2025-06-04T03:34:44.239895Z[0m [32m INFO[0m [2mia::contexts::graph_management::importer[0m[2m:[0m Spawned edge entity 18v1#4294967314 with ID EdgeIdentity(1c7c128c-ee1a-4d96-b426-723b358e17c0)
[2m2025-06-04T03:34:44.239898Z[0m [32m INFO[0m [2mia::contexts::graph_management::importer[0m[2m:[0m Spawned edge entity 19v1#4294967315 with ID EdgeIdentity(8a0236f4-b4dd-45f3-a243-0b1cc4e609e8)
[2m2025-06-04T03:34:44.239899Z[0m [32m INFO[0m [2mia::contexts::graph_management::importer[0m[2m:[0m Spawned edge entity 20v1#4294967316 with ID EdgeIdentity(feccfc30-d968-456f-9417-3322ba4745e7)
[2m2025-06-04T03:34:44.239901Z[0m [32m INFO[0m [2mia::contexts::graph_management::importer[0m[2m:[0m Spawned edge entity 21v1#4294967317 with ID EdgeIdentity(804883e7-33a0-4e2a-93b4-860e4b0abb26)
[2m2025-06-04T03:34:44.239903Z[0m [32m INFO[0m [2mia::contexts::graph_management::importer[0m[2m:[0m Spawned edge entity 22v1#4294967318 with ID EdgeIdentity(ff77aa41-4f1a-4423-a4cf-dfad08f36ec4)
[2m2025-06-04T03:34:44.239905Z[0m [32m INFO[0m [2mia::contexts::graph_management::importer[0m[2m:[0m Successfully imported graph 'default_graph' with 6 nodes and 7 relationships
[2m2025-06-04T03:34:44.239907Z[0m [32m INFO[0m [2mia[0m[2m:[0m Successfully loaded default graph: GraphIdentity(ef5e74e5-94cc-48d9-bdf2-60ee9c7a9035)
[2m2025-06-04T03:34:44.239940Z[0m [32m INFO[0m [2mia[0m[2m:[0m ========== KEYBOARD CONTROLS ==========
[2m2025-06-04T03:34:44.239941Z[0m [32m INFO[0m [2mia[0m[2m:[0m Graph Layout:
[2m2025-06-04T03:34:44.239942Z[0m [32m INFO[0m [2mia[0m[2m:[0m   L - Apply force-directed layout
[2m2025-06-04T03:34:44.239943Z[0m [32m INFO[0m [2mia[0m[2m:[0m 
[2m2025-06-04T03:34:44.239944Z[0m [32m INFO[0m [2mia[0m[2m:[0m Visualization Modes:
[2m2025-06-04T03:34:44.239945Z[0m [32m INFO[0m [2mia[0m[2m:[0m   C - Convert to point cloud
[2m2025-06-04T03:34:44.239946Z[0m [32m INFO[0m [2mia[0m[2m:[0m   Ctrl+1 - Change nodes to Mesh mode
[2m2025-06-04T03:34:44.239947Z[0m [32m INFO[0m [2mia[0m[2m:[0m   Ctrl+2 - Change nodes to Point Cloud mode
[2m2025-06-04T03:34:44.239949Z[0m [32m INFO[0m [2mia[0m[2m:[0m   Ctrl+3 - Change nodes to Wireframe mode
[2m2025-06-04T03:34:44.239950Z[0m [32m INFO[0m [2mia[0m[2m:[0m   Ctrl+4 - Change nodes to Billboard mode
[2m2025-06-04T03:34:44.239951Z[0m [32m INFO[0m [2mia[0m[2m:[0m 
[2m2025-06-04T03:34:44.239952Z[0m [32m INFO[0m [2mia[0m[2m:[0m Edge Types:
[2m2025-06-04T03:34:44.239953Z[0m [32m INFO[0m [2mia[0m[2m:[0m   1 - Line edges
[2m2025-06-04T03:34:44.239954Z[0m [32m INFO[0m [2mia[0m[2m:[0m   2 - Cylinder edges
[2m2025-06-04T03:34:44.239955Z[0m [32m INFO[0m [2mia[0m[2m:[0m   3 - Arc edges
[2m2025-06-04T03:34:44.239956Z[0m [32m INFO[0m [2mia[0m[2m:[0m   4 - Bezier edges
[2m2025-06-04T03:34:44.239957Z[0m [32m INFO[0m [2mia[0m[2m:[0m 
[2m2025-06-04T03:34:44.239958Z[0m [32m INFO[0m [2mia[0m[2m:[0m File Operations:
[2m2025-06-04T03:34:44.239959Z[0m [32m INFO[0m [2mia[0m[2m:[0m   Ctrl+O - Load graph from file dialog
[2m2025-06-04T03:34:44.239960Z[0m [32m INFO[0m [2mia[0m[2m:[0m 
[2m2025-06-04T03:34:44.239961Z[0m [32m INFO[0m [2mia[0m[2m:[0m Camera:
[2m2025-06-04T03:34:44.239962Z[0m [32m INFO[0m [2mia[0m[2m:[0m   Drag - Rotate camera
[2m2025-06-04T03:34:44.239963Z[0m [32m INFO[0m [2mia[0m[2m:[0m   Wheel - Zoom in/out
[2m2025-06-04T03:34:44.239964Z[0m [32m INFO[0m [2mia[0m[2m:[0m ======================================
[2m2025-06-04T03:34:44.242517Z[0m [33m WARN[0m [2mia::contexts::graph_management::storage[0m[2m:[0m Failed to sync graph creation: GraphAlreadyExists(GraphIdentity(ef5e74e5-94cc-48d9-bdf2-60ee9c7a9035))
[2m2025-06-04T03:34:44.242568Z[0m [32m INFO[0m [2mia::contexts::visualization::services[0m[2m:[0m visualize_new_edges: Processing 7 EdgeConnected events
[2m2025-06-04T03:34:44.242573Z[0m [32m INFO[0m [2mia::contexts::visualization::services[0m[2m:[0m Visualizing edge: EdgeIdentity(c156b6e1-28fc-48a4-9d4c-db6380aa36c4) from NodeIdentity(998847e5-23a6-4cda-a335-c04957a3bb77) to NodeIdentity(8adaac8c-3e88-4915-9998-6c702527a61c)
[2m2025-06-04T03:34:44.242578Z[0m [32m INFO[0m [2mia::contexts::visualization::services[0m[2m:[0m Found edge entity 16v1#4294967312
[2m2025-06-04T03:34:44.242594Z[0m [32m INFO[0m [2mia::contexts::visualization::services[0m[2m:[0m Visualizing edge: EdgeIdentity(826f664a-5376-47d3-9b90-65efa646973a) from NodeIdentity(7915bd13-0bd5-49e3-a4fe-f44a0204382d) to NodeIdentity(7498a461-c98b-47a7-aeb4-5eacce027885)
[2m2025-06-04T03:34:44.242596Z[0m [32m INFO[0m [2mia::contexts::visualization::services[0m[2m:[0m Found edge entity 17v1#4294967313
[2m2025-06-04T03:34:44.242604Z[0m [32m INFO[0m [2mia::contexts::visualization::services[0m[2m:[0m Visualizing edge: EdgeIdentity(1c7c128c-ee1a-4d96-b426-723b358e17c0) from NodeIdentity(f7b6a227-8a5e-41a3-8e3f-ccdf21935378) to NodeIdentity(7fc39552-f706-424a-9944-680cb14434d0)
[2m2025-06-04T03:34:44.242605Z[0m [32m INFO[0m [2mia::contexts::visualization::services[0m[2m:[0m Found edge entity 18v1#4294967314
[2m2025-06-04T03:34:44.242611Z[0m [32m INFO[0m [2mia::contexts::visualization::services[0m[2m:[0m Visualizing edge: EdgeIdentity(8a0236f4-b4dd-45f3-a243-0b1cc4e609e8) from NodeIdentity(998847e5-23a6-4cda-a335-c04957a3bb77) to NodeIdentity(7915bd13-0bd5-49e3-a4fe-f44a0204382d)
[2m2025-06-04T03:34:44.242612Z[0m [32m INFO[0m [2mia::contexts::visualization::services[0m[2m:[0m Found edge entity 19v1#4294967315
[2m2025-06-04T03:34:44.242618Z[0m [32m INFO[0m [2mia::contexts::visualization::services[0m[2m:[0m Visualizing edge: EdgeIdentity(feccfc30-d968-456f-9417-3322ba4745e7) from NodeIdentity(8adaac8c-3e88-4915-9998-6c702527a61c) to NodeIdentity(7498a461-c98b-47a7-aeb4-5eacce027885)
[2m2025-06-04T03:34:44.242642Z[0m [32m INFO[0m [2mia::contexts::visualization::services[0m[2m:[0m Found edge entity 20v1#4294967316
[2m2025-06-04T03:34:44.242650Z[0m [32m INFO[0m [2mia::contexts::visualization::services[0m[2m:[0m Visualizing edge: EdgeIdentity(804883e7-33a0-4e2a-93b4-860e4b0abb26) from NodeIdentity(f7b6a227-8a5e-41a3-8e3f-ccdf21935378) to NodeIdentity(998847e5-23a6-4cda-a335-c04957a3bb77)
[2m2025-06-04T03:34:44.242651Z[0m [32m INFO[0m [2mia::contexts::visualization::services[0m[2m:[0m Found edge entity 21v1#4294967317
[2m2025-06-04T03:34:44.242656Z[0m [32m INFO[0m [2mia::contexts::visualization::services[0m[2m:[0m Visualizing edge: EdgeIdentity(ff77aa41-4f1a-4423-a4cf-dfad08f36ec4) from NodeIdentity(7fc39552-f706-424a-9944-680cb14434d0) to NodeIdentity(8adaac8c-3e88-4915-9998-6c702527a61c)
[2m2025-06-04T03:34:44.242658Z[0m [32m INFO[0m [2mia::contexts::visualization::services[0m[2m:[0m Found edge entity 22v1#4294967318
[2m2025-06-04T03:34:44.242670Z[0m [32m INFO[0m [2mia::contexts::visualization::services[0m[2m:[0m visualize_new_nodes: Processing 6 NodeAdded events
[2m2025-06-04T03:34:44.242674Z[0m [32m INFO[0m [2mia::contexts::visualization::services[0m[2m:[0m Visualizing node: Node 1 with ID NodeIdentity(998847e5-23a6-4cda-a335-c04957a3bb77)
[2m2025-06-04T03:34:44.242676Z[0m [32m INFO[0m [2mia::contexts::visualization::services[0m[2m:[0m Found node entity 10v1#4294967306 at position Vec3(-5.0, 0.0, -0.0)
[2m2025-06-04T03:34:44.242786Z[0m [32m INFO[0m [2mia::contexts::visualization::services[0m[2m:[0m Visualizing node: Node 2 with ID NodeIdentity(8adaac8c-3e88-4915-9998-6c702527a61c)
[2m2025-06-04T03:34:44.242789Z[0m [32m INFO[0m [2mia::contexts::visualization::services[0m[2m:[0m Found node entity 11v1#4294967307 at position Vec3(5.0, 0.0, -0.0)
[2m2025-06-04T03:34:44.242889Z[0m [32m INFO[0m [2mia::contexts::visualization::services[0m[2m:[0m Visualizing node: Node 3 with ID NodeIdentity(7915bd13-0bd5-49e3-a4fe-f44a0204382d)
[2m2025-06-04T03:34:44.242893Z[0m [32m INFO[0m [2mia::contexts::visualization::services[0m[2m:[0m Found node entity 12v1#4294967308 at position Vec3(0.0, 0.0, 5.0)
[2m2025-06-04T03:34:44.242994Z[0m [32m INFO[0m [2mia::contexts::visualization::services[0m[2m:[0m Visualizing node: Node 4 with ID NodeIdentity(7498a461-c98b-47a7-aeb4-5eacce027885)
[2m2025-06-04T03:34:44.242998Z[0m [32m INFO[0m [2mia::contexts::visualization::services[0m[2m:[0m Found node entity 13v1#4294967309 at position Vec3(0.0, 0.0, -5.0)
[2m2025-06-04T03:34:44.243054Z[0m [32m INFO[0m [2mia::contexts::visualization::services[0m[2m:[0m Visualizing node: Node 5 with ID NodeIdentity(f7b6a227-8a5e-41a3-8e3f-ccdf21935378)
[2m2025-06-04T03:34:44.243058Z[0m [32m INFO[0m [2mia::contexts::visualization::services[0m[2m:[0m Found node entity 14v1#4294967310 at position Vec3(-3.5, 0.0, 3.5)
[2m2025-06-04T03:34:44.243115Z[0m [32m INFO[0m [2mia::contexts::visualization::services[0m[2m:[0m Visualizing node: Node 6 with ID NodeIdentity(7fc39552-f706-424a-9944-680cb14434d0)
[2m2025-06-04T03:34:44.243120Z[0m [32m INFO[0m [2mia::contexts::visualization::services[0m[2m:[0m Found node entity 15v1#4294967311 at position Vec3(3.5, 0.0, -3.5)
[2m2025-06-04T03:34:44.243216Z[0m [33m WARN[0m [2mbevy_ecs::hierarchy[0m[2m:[0m warning[B0004]: Entity 16v1 with the InheritedVisibility component has a parent without InheritedVisibility.
This will cause inconsistent behaviors! See: https://bevyengine.org/learn/errors/b0004    
[2m2025-06-04T03:34:44.243259Z[0m [33m WARN[0m [2mbevy_ecs::hierarchy[0m[2m:[0m warning[B0004]: Entity 17v1 with the InheritedVisibility component has a parent without InheritedVisibility.
This will cause inconsistent behaviors! See: https://bevyengine.org/learn/errors/b0004    
[2m2025-06-04T03:34:44.243269Z[0m [33m WARN[0m [2mbevy_ecs::hierarchy[0m[2m:[0m warning[B0004]: Entity 18v1 with the InheritedVisibility component has a parent without InheritedVisibility.
This will cause inconsistent behaviors! See: https://bevyengine.org/learn/errors/b0004    
[2m2025-06-04T03:34:44.243273Z[0m [33m WARN[0m [2mbevy_ecs::hierarchy[0m[2m:[0m warning[B0004]: Entity 19v1 with the InheritedVisibility component has a parent without InheritedVisibility.
This will cause inconsistent behaviors! See: https://bevyengine.org/learn/errors/b0004    
[2m2025-06-04T03:34:44.243277Z[0m [33m WARN[0m [2mbevy_ecs::hierarchy[0m[2m:[0m warning[B0004]: Entity 20v1 with the InheritedVisibility component has a parent without InheritedVisibility.
This will cause inconsistent behaviors! See: https://bevyengine.org/learn/errors/b0004    
[2m2025-06-04T03:34:44.243288Z[0m [33m WARN[0m [2mbevy_ecs::hierarchy[0m[2m:[0m warning[B0004]: Entity 21v1 with the InheritedVisibility component has a parent without InheritedVisibility.
This will cause inconsistent behaviors! See: https://bevyengine.org/learn/errors/b0004    
[2m2025-06-04T03:34:44.243295Z[0m [33m WARN[0m [2mbevy_ecs::hierarchy[0m[2m:[0m warning[B0004]: Entity 22v1 with the InheritedVisibility component has a parent without InheritedVisibility.
This will cause inconsistent behaviors! See: https://bevyengine.org/learn/errors/b0004    
[2m2025-06-04T03:34:44.243311Z[0m [33m WARN[0m [2mbevy_ecs::hierarchy[0m[2m:[0m warning[B0004]: Entity 10v1 with the InheritedVisibility component has a parent without InheritedVisibility.
This will cause inconsistent behaviors! See: https://bevyengine.org/learn/errors/b0004    
[2m2025-06-04T03:34:44.243336Z[0m [33m WARN[0m [2mbevy_ecs::hierarchy[0m[2m:[0m warning[B0004]: Entity 11v1 with the InheritedVisibility component has a parent without InheritedVisibility.
This will cause inconsistent behaviors! See: https://bevyengine.org/learn/errors/b0004    
[2m2025-06-04T03:34:44.243344Z[0m [33m WARN[0m [2mbevy_ecs::hierarchy[0m[2m:[0m warning[B0004]: Entity 12v1 with the InheritedVisibility component has a parent without InheritedVisibility.
This will cause inconsistent behaviors! See: https://bevyengine.org/learn/errors/b0004    
[2m2025-06-04T03:34:44.243348Z[0m [33m WARN[0m [2mbevy_ecs::hierarchy[0m[2m:[0m warning[B0004]: Entity 13v1 with the InheritedVisibility component has a parent without InheritedVisibility.
This will cause inconsistent behaviors! See: https://bevyengine.org/learn/errors/b0004    
[2m2025-06-04T03:34:44.243354Z[0m [33m WARN[0m [2mbevy_ecs::hierarchy[0m[2m:[0m warning[B0004]: Entity 14v1 with the InheritedVisibility component has a parent without InheritedVisibility.
This will cause inconsistent behaviors! See: https://bevyengine.org/learn/errors/b0004    
[2m2025-06-04T03:34:44.243364Z[0m [33m WARN[0m [2mbevy_ecs::hierarchy[0m[2m:[0m warning[B0004]: Entity 15v1 with the InheritedVisibility component has a parent without InheritedVisibility.
This will cause inconsistent behaviors! See: https://bevyengine.org/learn/errors/b0004    
[2m2025-06-04T03:34:44.243388Z[0m [32m INFO[0m [2mia::contexts::event_store::plugin[0m[2m:[0m 📝 Domain Event: GraphCreated for aggregate ef5e74e5-94cc-48d9-bdf2-60ee9c7a9035 (CID: Some(Cid("cid:v1:dag-cbor:6dcf706883647855")))
[2m2025-06-04T03:34:44.243393Z[0m [32m INFO[0m [2mia::contexts::event_store::plugin[0m[2m:[0m 📝 Domain Event: NodeAdded for aggregate ef5e74e5-94cc-48d9-bdf2-60ee9c7a9035 (CID: Some(Cid("cid:v1:dag-cbor:fcec719745aee43d")))
[2m2025-06-04T03:34:44.243395Z[0m [32m INFO[0m [2mia::contexts::event_store::plugin[0m[2m:[0m 📝 Domain Event: NodeAdded for aggregate ef5e74e5-94cc-48d9-bdf2-60ee9c7a9035 (CID: Some(Cid("cid:v1:dag-cbor:37438b8cd36aa22")))
[2m2025-06-04T03:34:44.243396Z[0m [32m INFO[0m [2mia::contexts::event_store::plugin[0m[2m:[0m 📝 Domain Event: NodeAdded for aggregate ef5e74e5-94cc-48d9-bdf2-60ee9c7a9035 (CID: Some(Cid("cid:v1:dag-cbor:cdc4c67ce58c2f22")))
[2m2025-06-04T03:34:44.243397Z[0m [32m INFO[0m [2mia::contexts::event_store::plugin[0m[2m:[0m 📝 Domain Event: NodeAdded for aggregate ef5e74e5-94cc-48d9-bdf2-60ee9c7a9035 (CID: Some(Cid("cid:v1:dag-cbor:24c505846325c5fd")))
[2m2025-06-04T03:34:44.243398Z[0m [32m INFO[0m [2mia::contexts::event_store::plugin[0m[2m:[0m 📝 Domain Event: NodeAdded for aggregate ef5e74e5-94cc-48d9-bdf2-60ee9c7a9035 (CID: Some(Cid("cid:v1:dag-cbor:bdc1f2a64b115282")))
[2m2025-06-04T03:34:44.243399Z[0m [32m INFO[0m [2mia::contexts::event_store::plugin[0m[2m:[0m 📝 Domain Event: NodeAdded for aggregate ef5e74e5-94cc-48d9-bdf2-60ee9c7a9035 (CID: Some(Cid("cid:v1:dag-cbor:8b9a84718eccde8b")))
[2m2025-06-04T03:34:44.243400Z[0m [32m INFO[0m [2mia::contexts::event_store::plugin[0m[2m:[0m 📝 Domain Event: EdgeConnected for aggregate ef5e74e5-94cc-48d9-bdf2-60ee9c7a9035 (CID: Some(Cid("cid:v1:dag-cbor:63f53e5ea19b4a2a")))
[2m2025-06-04T03:34:44.243401Z[0m [32m INFO[0m [2mia::contexts::event_store::plugin[0m[2m:[0m 📝 Domain Event: EdgeConnected for aggregate ef5e74e5-94cc-48d9-bdf2-60ee9c7a9035 (CID: Some(Cid("cid:v1:dag-cbor:ed1fc56b57633c0f")))
[2m2025-06-04T03:34:44.243402Z[0m [32m INFO[0m [2mia::contexts::event_store::plugin[0m[2m:[0m 📝 Domain Event: EdgeConnected for aggregate ef5e74e5-94cc-48d9-bdf2-60ee9c7a9035 (CID: Some(Cid("cid:v1:dag-cbor:cbb39a11284fa4d4")))
[2m2025-06-04T03:34:44.243403Z[0m [32m INFO[0m [2mia::contexts::event_store::plugin[0m[2m:[0m 📝 Domain Event: EdgeConnected for aggregate ef5e74e5-94cc-48d9-bdf2-60ee9c7a9035 (CID: Some(Cid("cid:v1:dag-cbor:c3f3c8cf71929859")))
[2m2025-06-04T03:34:44.243404Z[0m [32m INFO[0m [2mia::contexts::event_store::plugin[0m[2m:[0m 📝 Domain Event: EdgeConnected for aggregate ef5e74e5-94cc-48d9-bdf2-60ee9c7a9035 (CID: Some(Cid("cid:v1:dag-cbor:6144f6f0d819f706")))
[2m2025-06-04T03:34:44.243405Z[0m [32m INFO[0m [2mia::contexts::event_store::plugin[0m[2m:[0m 📝 Domain Event: EdgeConnected for aggregate ef5e74e5-94cc-48d9-bdf2-60ee9c7a9035 (CID: Some(Cid("cid:v1:dag-cbor:d4985e9d7f2cdf3b")))
[2m2025-06-04T03:34:44.243406Z[0m [32m INFO[0m [2mia::contexts::event_store::plugin[0m[2m:[0m 📝 Domain Event: EdgeConnected for aggregate ef5e74e5-94cc-48d9-bdf2-60ee9c7a9035 (CID: Some(Cid("cid:v1:dag-cbor:bbc25535ee7eca1f")))
[2m2025-06-04T03:34:44.243407Z[0m [32m INFO[0m [2mia::contexts::event_store::plugin[0m[2m:[0m 📝 Domain Event: GraphCreated for aggregate ef5e74e5-94cc-48d9-bdf2-60ee9c7a9035 (CID: Some(Cid("cid:v1:dag-cbor:4c2a21dcee73648a")))
[2m2025-06-04T03:34:44.243408Z[0m [32m INFO[0m [2mia::contexts::event_store::plugin[0m[2m:[0m 📝 Domain Event: NodeAdded for aggregate ef5e74e5-94cc-48d9-bdf2-60ee9c7a9035 (CID: Some(Cid("cid:v1:dag-cbor:bdf1744a8c75eb48")))
[2m2025-06-04T03:34:44.243409Z[0m [32m INFO[0m [2mia::contexts::event_store::plugin[0m[2m:[0m 📝 Domain Event: NodeAdded for aggregate ef5e74e5-94cc-48d9-bdf2-60ee9c7a9035 (CID: Some(Cid("cid:v1:dag-cbor:56b5f72249cb756d")))
[2m2025-06-04T03:34:44.243410Z[0m [32m INFO[0m [2mia::contexts::event_store::plugin[0m[2m:[0m 📝 Domain Event: NodeAdded for aggregate ef5e74e5-94cc-48d9-bdf2-60ee9c7a9035 (CID: Some(Cid("cid:v1:dag-cbor:fb2387604ba0b303")))
[2m2025-06-04T03:34:44.243411Z[0m [32m INFO[0m [2mia::contexts::event_store::plugin[0m[2m:[0m 📝 Domain Event: NodeAdded for aggregate ef5e74e5-94cc-48d9-bdf2-60ee9c7a9035 (CID: Some(Cid("cid:v1:dag-cbor:ee9e5fa56a2ba06a")))
[2m2025-06-04T03:34:44.243412Z[0m [32m INFO[0m [2mia::contexts::event_store::plugin[0m[2m:[0m 📝 Domain Event: NodeAdded for aggregate ef5e74e5-94cc-48d9-bdf2-60ee9c7a9035 (CID: Some(Cid("cid:v1:dag-cbor:20586792fa6649db")))
[2m2025-06-04T03:34:44.243413Z[0m [32m INFO[0m [2mia::contexts::event_store::plugin[0m[2m:[0m 📝 Domain Event: NodeAdded for aggregate ef5e74e5-94cc-48d9-bdf2-60ee9c7a9035 (CID: Some(Cid("cid:v1:dag-cbor:1315e2fa543a9990")))
[2m2025-06-04T03:34:44.243414Z[0m [32m INFO[0m [2mia::contexts::event_store::plugin[0m[2m:[0m 📝 Domain Event: EdgeConnected for aggregate ef5e74e5-94cc-48d9-bdf2-60ee9c7a9035 (CID: Some(Cid("cid:v1:dag-cbor:d868d4dac3789544")))
[2m2025-06-04T03:34:44.243415Z[0m [32m INFO[0m [2mia::contexts::event_store::plugin[0m[2m:[0m 📝 Domain Event: EdgeConnected for aggregate ef5e74e5-94cc-48d9-bdf2-60ee9c7a9035 (CID: Some(Cid("cid:v1:dag-cbor:28ee77a78f936199")))
[2m2025-06-04T03:34:44.243416Z[0m [32m INFO[0m [2mia::contexts::event_store::plugin[0m[2m:[0m 📝 Domain Event: EdgeConnected for aggregate ef5e74e5-94cc-48d9-bdf2-60ee9c7a9035 (CID: Some(Cid("cid:v1:dag-cbor:c4e474063a67c6b3")))
[2m2025-06-04T03:34:44.243417Z[0m [32m INFO[0m [2mia::contexts::event_store::plugin[0m[2m:[0m 📝 Domain Event: EdgeConnected for aggregate ef5e74e5-94cc-48d9-bdf2-60ee9c7a9035 (CID: Some(Cid("cid:v1:dag-cbor:3cbbca496e826d23")))
[2m2025-06-04T03:34:44.243418Z[0m [32m INFO[0m [2mia::contexts::event_store::plugin[0m[2m:[0m 📝 Domain Event: EdgeConnected for aggregate ef5e74e5-94cc-48d9-bdf2-60ee9c7a9035 (CID: Some(Cid("cid:v1:dag-cbor:2aaeb5ffe8d6fc87")))
[2m2025-06-04T03:34:44.243419Z[0m [32m INFO[0m [2mia::contexts::event_store::plugin[0m[2m:[0m 📝 Domain Event: EdgeConnected for aggregate ef5e74e5-94cc-48d9-bdf2-60ee9c7a9035 (CID: Some(Cid("cid:v1:dag-cbor:dc7e9f590de0fabf")))
[2m2025-06-04T03:34:44.243420Z[0m [32m INFO[0m [2mia::contexts::event_store::plugin[0m[2m:[0m 📝 Domain Event: EdgeConnected for aggregate ef5e74e5-94cc-48d9-bdf2-60ee9c7a9035 (CID: Some(Cid("cid:v1:dag-cbor:8e0dee0666be2e2d")))
[2m2025-06-04T03:34:49.256371Z[0m [32m INFO[0m [2mia::contexts::visualization::plugin[0m[2m:[0m Entity counts - Nodes: 6, Edges: 7, Meshes: 13
[2m2025-06-04T03:34:54.285779Z[0m [32m INFO[0m [2mia::contexts::visualization::plugin[0m[2m:[0m Entity counts - Nodes: 6, Edges: 7, Meshes: 13
[2m2025-06-04T03:34:59.308014Z[0m [32m INFO[0m [2mia::contexts::visualization::plugin[0m[2m:[0m Entity counts - Nodes: 6, Edges: 7, Meshes: 13
[2m2025-06-04T03:35:04.311727Z[0m [32m INFO[0m [2mia::contexts::visualization::plugin[0m[2m:[0m Entity counts - Nodes: 6, Edges: 7, Meshes: 13
[2m2025-06-04T03:35:09.315275Z[0m [32m INFO[0m [2mia::contexts::visualization::plugin[0m[2m:[0m Entity counts - Nodes: 6, Edges: 7, Meshes: 13
[2m2025-06-04T03:35:14.322075Z[0m [32m INFO[0m [2mia::contexts::visualization::plugin[0m[2m:[0m Entity counts - Nodes: 6, Edges: 7, Meshes: 13
[2m2025-06-04T03:35:19.305865Z[0m [32m INFO[0m [2mia::contexts::visualization::plugin[0m[2m:[0m Entity counts - Nodes: 6, Edges: 7, Meshes: 13
[2m2025-06-04T03:35:24.318756Z[0m [32m INFO[0m [2mia::contexts::visualization::plugin[0m[2m:[0m Entity counts - Nodes: 6, Edges: 7, Meshes: 13
[2m2025-06-04T03:35:29.332822Z[0m [32m INFO[0m [2mia::contexts::visualization::plugin[0m[2m:[0m Entity counts - Nodes: 6, Edges: 7, Meshes: 13
[2m2025-06-04T03:35:34.360290Z[0m [32m INFO[0m [2mia::contexts::visualization::plugin[0m[2m:[0m Entity counts - Nodes: 6, Edges: 7, Meshes: 13
[2m2025-06-04T03:35:39.359564Z[0m [32m INFO[0m [2mia::contexts::visualization::plugin[0m[2m:[0m Entity counts - Nodes: 6, Edges: 7, Meshes: 13
[2m2025-06-04T03:35:44.373368Z[0m [32m INFO[0m [2mia::contexts::visualization::plugin[0m[2m:[0m Entity counts - Nodes: 6, Edges: 7, Meshes: 13
[2m2025-06-04T03:35:49.386843Z[0m [32m INFO[0m [2mia::contexts::visualization::plugin[0m[2m:[0m Entity counts - Nodes: 6, Edges: 7, Meshes: 13
[2m2025-06-04T03:35:54.401142Z[0m [32m INFO[0m [2mia::contexts::visualization::plugin[0m[2m:[0m Entity counts - Nodes: 6, Edges: 7, Meshes: 13
[2m2025-06-04T03:35:59.415253Z[0m [32m INFO[0m [2mia::contexts::visualization::plugin[0m[2m:[0m Entity counts - Nodes: 6, Edges: 7, Meshes: 13
[2m2025-06-04T03:36:04.429081Z[0m [32m INFO[0m [2mia::contexts::visualization::plugin[0m[2m:[0m Entity counts - Nodes: 6, Edges: 7, Meshes: 13
[2m2025-06-04T03:36:09.442207Z[0m [32m INFO[0m [2mia::contexts::visualization::plugin[0m[2m:[0m Entity counts - Nodes: 6, Edges: 7, Meshes: 13
[2m2025-06-04T03:36:14.455980Z[0m [32m INFO[0m [2mia::contexts::visualization::plugin[0m[2m:[0m Entity counts - Nodes: 6, Edges: 7, Meshes: 13
[2m2025-06-04T03:36:19.468980Z[0m [32m INFO[0m [2mia::contexts::visualization::plugin[0m[2m:[0m Entity counts - Nodes: 6, Edges: 7, Meshes: 13
[2m2025-06-04T03:36:24.483899Z[0m [32m INFO[0m [2mia::contexts::visualization::plugin[0m[2m:[0m Entity counts - Nodes: 6, Edges: 7, Meshes: 13
[2m2025-06-04T03:36:29.496179Z[0m [32m INFO[0m [2mia::contexts::visualization::plugin[0m[2m:[0m Entity counts - Nodes: 6, Edges: 7, Meshes: 13
[2m2025-06-04T03:36:34.510437Z[0m [32m INFO[0m [2mia::contexts::visualization::plugin[0m[2m:[0m Entity counts - Nodes: 6, Edges: 7, Meshes: 13
[2m2025-06-04T03:36:39.524310Z[0m [32m INFO[0m [2mia::contexts::visualization::plugin[0m[2m:[0m Entity counts - Nodes: 6, Edges: 7, Meshes: 13
[2m2025-06-04T03:36:44.538131Z[0m [32m INFO[0m [2mia::contexts::visualization::plugin[0m[2m:[0m Entity counts - Nodes: 6, Edges: 7, Meshes: 13
[2m2025-06-04T03:36:49.551127Z[0m [32m INFO[0m [2mia::contexts::visualization::plugin[0m[2m:[0m Entity counts - Nodes: 6, Edges: 7, Meshes: 13
[2m2025-06-04T03:36:54.565083Z[0m [32m INFO[0m [2mia::contexts::visualization::plugin[0m[2m:[0m Entity counts - Nodes: 6, Edges: 7, Meshes: 13
[2m2025-06-04T03:36:59.578799Z[0m [32m INFO[0m [2mia::contexts::visualization::plugin[0m[2m:[0m Entity counts - Nodes: 6, Edges: 7, Meshes: 13
[2m2025-06-04T03:37:04.592766Z[0m [32m INFO[0m [2mia::contexts::visualization::plugin[0m[2m:[0m Entity counts - Nodes: 6, Edges: 7, Meshes: 13
[2m2025-06-04T03:37:09.606606Z[0m [32m INFO[0m [2mia::contexts::visualization::plugin[0m[2m:[0m Entity counts - Nodes: 6, Edges: 7, Meshes: 13
[2m2025-06-04T03:37:14.620674Z[0m [32m INFO[0m [2mia::contexts::visualization::plugin[0m[2m:[0m Entity counts - Nodes: 6, Edges: 7, Meshes: 13
[2m2025-06-04T03:37:19.633147Z[0m [32m INFO[0m [2mia::contexts::visualization::plugin[0m[2m:[0m Entity counts - Nodes: 6, Edges: 7, Meshes: 13
[2m2025-06-04T03:37:24.646468Z[0m [32m INFO[0m [2mia::contexts::visualization::plugin[0m[2m:[0m Entity counts - Nodes: 6, Edges: 7, Meshes: 13
[2m2025-06-04T03:37:29.660796Z[0m [32m INFO[0m [2mia::contexts::visualization::plugin[0m[2m:[0m Entity counts - Nodes: 6, Edges: 7, Meshes: 13
[2m2025-06-04T03:37:34.673938Z[0m [32m INFO[0m [2mia::contexts::visualization::plugin[0m[2m:[0m Entity counts - Nodes: 6, Edges: 7, Meshes: 13
[2m2025-06-04T03:37:39.687468Z[0m [32m INFO[0m [2mia::contexts::visualization::plugin[0m[2m:[0m Entity counts - Nodes: 6, Edges: 7, Meshes: 13
[2m2025-06-04T03:37:44.701964Z[0m [32m INFO[0m [2mia::contexts::visualization::plugin[0m[2m:[0m Entity counts - Nodes: 6, Edges: 7, Meshes: 13
[2m2025-06-04T03:37:49.715434Z[0m [32m INFO[0m [2mia::contexts::visualization::plugin[0m[2m:[0m Entity counts - Nodes: 6, Edges: 7, Meshes: 13
[2m2025-06-04T03:37:54.742954Z[0m [32m INFO[0m [2mia::contexts::visualization::plugin[0m[2m:[0m Entity counts - Nodes: 6, Edges: 7, Meshes: 13
[2m2025-06-04T03:37:59.743269Z[0m [32m INFO[0m [2mia::contexts::visualization::plugin[0m[2m:[0m Entity counts - Nodes: 6, Edges: 7, Meshes: 13
[2m2025-06-04T03:38:04.756713Z[0m [32m INFO[0m [2mia::contexts::visualization::plugin[0m[2m:[0m Entity counts - Nodes: 6, Edges: 7, Meshes: 13
[2m2025-06-04T03:38:09.770064Z[0m [32m INFO[0m [2mia::contexts::visualization::plugin[0m[2m:[0m Entity counts - Nodes: 6, Edges: 7, Meshes: 13
[2m2025-06-04T03:38:14.784266Z[0m [32m INFO[0m [2mia::contexts::visualization::plugin[0m[2m:[0m Entity counts - Nodes: 6, Edges: 7, Meshes: 13
[2m2025-06-04T03:38:19.797013Z[0m [32m INFO[0m [2mia::contexts::visualization::plugin[0m[2m:[0m Entity counts - Nodes: 6, Edges: 7, Meshes: 13
[2m2025-06-04T03:38:24.810652Z[0m [32m INFO[0m [2mia::contexts::visualization::plugin[0m[2m:[0m Entity counts - Nodes: 6, Edges: 7, Meshes: 13
[2m2025-06-04T03:38:29.824211Z[0m [32m INFO[0m [2mia::contexts::visualization::plugin[0m[2m:[0m Entity counts - Nodes: 6, Edges: 7, Meshes: 13
[2m2025-06-04T03:38:34.838229Z[0m [32m INFO[0m [2mia::contexts::visualization::plugin[0m[2m:[0m Entity counts - Nodes: 6, Edges: 7, Meshes: 13
