[2m2025-06-04T03:30:31.812618Z[0m [32m INFO[0m [2mbevy_diagnostic::system_information_diagnostics_plugin::internal[0m[2m:[0m SystemInfo { os: "Linux (NixOS 25.11)", kernel: "6.14.7", cpu: "Intel(R) Xeon(R) W-10885M CPU @ 2.40GHz", core_count: "8", memory: "125.4 GiB" }    
[2m2025-06-04T03:30:31.814659Z[0m [33m WARN[0m [2mwinit::platform_impl::linux::x11::xdisplay[0m[2m:[0m error setting XSETTINGS; Xft options won't reload automatically
[2m2025-06-04T03:30:31.859057Z[0m [32m INFO[0m [2mbevy_render::renderer[0m[2m:[0m AdapterInfo { name: "Intel(R) UHD Graphics P630 (CML GT2)", vendor: 32902, device: 39926, device_type: IntegratedGpu, driver: "Intel open-source Mesa driver", driver_info: "Mesa 25.0.6", backend: Vulkan }
[2m2025-06-04T03:30:31.947917Z[0m [32m INFO[0m [2mia::contexts::event_store::plugin[0m[2m:[0m Event Store plugin initialized with Merkle DAG support
[2m2025-06-04T03:30:31.948179Z[0m [32m INFO[0m [2mia::contexts::selection::plugin[0m[2m:[0m Selection plugin initialized
[2m2025-06-04T03:30:31.963527Z[0m [32m INFO[0m [2mbevy_render::batching::gpu_preprocessing[0m[2m:[0m GPU preprocessing is fully supported on this device.
[2m2025-06-04T03:30:31.991930Z[0m [32m INFO[0m [2mbevy_winit::system[0m[2m:[0m Creating new window App (0v1)
[2m2025-06-04T03:30:31.992015Z[0m [32m INFO[0m [2mwinit::platform_impl::linux::x11::window[0m[2m:[0m Guessed window scale factor: 2.6666666666666665
[2m2025-06-04T03:30:31.992365Z[0m [32m INFO[0m [2mia::contexts::visualization::plugin[0m[2m:[0m Visualization settings entity created
[2m2025-06-04T03:30:31.992416Z[0m [32m INFO[0m [2mia[0m[2m:[0m Test graph created with 8 nodes and 14 edges
[2m2025-06-04T03:30:31.992424Z[0m [32m INFO[0m [2mia[0m[2m:[0m ========== KEYBOARD CONTROLS ==========
[2m2025-06-04T03:30:31.992426Z[0m [32m INFO[0m [2mia[0m[2m:[0m Graph Layout:
[2m2025-06-04T03:30:31.992428Z[0m [32m INFO[0m [2mia[0m[2m:[0m   L - Apply force-directed layout
[2m2025-06-04T03:30:31.992430Z[0m [32m INFO[0m [2mia[0m[2m:[0m 
[2m2025-06-04T03:30:31.992431Z[0m [32m INFO[0m [2mia[0m[2m:[0m Visualization Modes:
[2m2025-06-04T03:30:31.992434Z[0m [32m INFO[0m [2mia[0m[2m:[0m   C - Convert to point cloud
[2m2025-06-04T03:30:31.992435Z[0m [32m INFO[0m [2mia[0m[2m:[0m   Ctrl+1 - Change nodes to Spheres
[2m2025-06-04T03:30:31.992437Z[0m [32m INFO[0m [2mia[0m[2m:[0m   Ctrl+2 - Change nodes to Cubes
[2m2025-06-04T03:30:31.992445Z[0m [32m INFO[0m [2mia[0m[2m:[0m   Ctrl+3 - Change nodes to Wireframes
[2m2025-06-04T03:30:31.992447Z[0m [32m INFO[0m [2mia[0m[2m:[0m   Ctrl+4 - Change nodes to Point Clouds
[2m2025-06-04T03:30:31.992449Z[0m [32m INFO[0m [2mia[0m[2m:[0m 
[2m2025-06-04T03:30:31.992450Z[0m [32m INFO[0m [2mia[0m[2m:[0m File Operations:
[2m2025-06-04T03:30:31.992452Z[0m [32m INFO[0m [2mia[0m[2m:[0m   Ctrl+O - Load graph from assets/models/CIM.json
[2m2025-06-04T03:30:31.992455Z[0m [32m INFO[0m [2mia[0m[2m:[0m 
[2m2025-06-04T03:30:31.992457Z[0m [32m INFO[0m [2mia[0m[2m:[0m Camera:
[2m2025-06-04T03:30:31.992459Z[0m [32m INFO[0m [2mia[0m[2m:[0m   Drag - Rotate camera
[2m2025-06-04T03:30:31.992460Z[0m [32m INFO[0m [2mia[0m[2m:[0m   Wheel - Zoom in/out
[2m2025-06-04T03:30:31.992462Z[0m [32m INFO[0m [2mia[0m[2m:[0m ======================================
[2m2025-06-04T03:30:37.024570Z[0m [32m INFO[0m [2mia::contexts::visualization::plugin[0m[2m:[0m Entity counts - Nodes: 8, Edges: 14, Meshes: 0
[2m2025-06-04T03:30:39.491992Z[0m [32m INFO[0m [2mbevy_window::system[0m[2m:[0m No windows are open, exiting    
[2m2025-06-04T03:30:39.492577Z[0m [32m INFO[0m [2mbevy_winit::system[0m[2m:[0m Closing window 0v1
